[2015-05-14 18:08:53] local.ERROR: exception 'PDOException' with message 'SQLSTATE[HY000] [2002] No such file or directory' in /Users/hosseinjabbari/Sites/Neveshtar/vendor/laravel/framework/src/Illuminate/Database/Connectors/Connector.php:47
Stack trace:
#0 /Users/hosseinjabbari/Sites/Neveshtar/vendor/laravel/framework/src/Illuminate/Database/Connectors/Connector.php(47): PDO->__construct('mysql:host=loca...', 'root', 'root', Array)
#1 /Users/hosseinjabbari/Sites/Neveshtar/vendor/laravel/framework/src/Illuminate/Database/Connectors/MySqlConnector.php(20): Illuminate\Database\Connectors\Connector->createConnection('mysql:host=loca...', Array, Array)
#2 /Users/hosseinjabbari/Sites/Neveshtar/vendor/laravel/framework/src/Illuminate/Database/Connectors/ConnectionFactory.php(58): Illuminate\Database\Connectors\MySqlConnector->connect(Array)
#3 /Users/hosseinjabbari/Sites/Neveshtar/vendor/laravel/framework/src/Illuminate/Database/Connectors/ConnectionFactory.php(47): Illuminate\Database\Connectors\ConnectionFactory->createSingleConnection(Array)
#4 /Users/hosseinjabbari/Sites/Neveshtar/vendor/laravel/framework/src/Illuminate/Database/DatabaseManager.php(177): Illuminate\Database\Connectors\ConnectionFactory->make(Array, 'mysql')
#5 /Users/hosseinjabbari/Sites/Neveshtar/vendor/laravel/framework/src/Illuminate/Database/DatabaseManager.php(65): Illuminate\Database\DatabaseManager->makeConnection('mysql')
#6 /Users/hosseinjabbari/Sites/Neveshtar/vendor/laravel/framework/src/Illuminate/Session/SessionManager.php(86): Illuminate\Database\DatabaseManager->connection('mysql')
#7 /Users/hosseinjabbari/Sites/Neveshtar/vendor/laravel/framework/src/Illuminate/Session/SessionManager.php(70): Illuminate\Session\SessionManager->getDatabaseConnection()
#8 /Users/hosseinjabbari/Sites/Neveshtar/vendor/laravel/framework/src/Illuminate/Support/Manager.php(89): Illuminate\Session\SessionManager->createDatabaseDriver()
#9 /Users/hosseinjabbari/Sites/Neveshtar/vendor/laravel/framework/src/Illuminate/Support/Manager.php(62): Illuminate\Support\Manager->createDriver('database')
#10 /Users/hosseinjabbari/Sites/Neveshtar/vendor/laravel/framework/src/Illuminate/Session/Middleware/StartSession.php(116): Illuminate\Support\Manager->driver()
#11 /Users/hosseinjabbari/Sites/Neveshtar/vendor/laravel/framework/src/Illuminate/Session/Middleware/StartSession.php(101): Illuminate\Session\Middleware\StartSession->getSession(Object(Illuminate\Http\Request))
#12 /Users/hosseinjabbari/Sites/Neveshtar/vendor/laravel/framework/src/Illuminate/Session/Middleware/StartSession.php(56): Illuminate\Session\Middleware\StartSession->startSession(Object(Illuminate\Http\Request))
#13 /Users/hosseinjabbari/Sites/Neveshtar/vendor/laravel/framework/src/Illuminate/Pipeline/Pipeline.php(125): Illuminate\Session\Middleware\StartSession->handle(Object(Illuminate\Http\Request), Object(Closure))
#14 /Users/hosseinjabbari/Sites/Neveshtar/vendor/laravel/framework/src/Illuminate/Cookie/Middleware/AddQueuedCookiesToResponse.php(36): Illuminate\Pipeline\Pipeline->Illuminate\Pipeline\{closure}(Object(Illuminate\Http\Request))
#15 /Users/hosseinjabbari/Sites/Neveshtar/vendor/laravel/framework/src/Illuminate/Pipeline/Pipeline.php(125): Illuminate\Cookie\Middleware\AddQueuedCookiesToResponse->handle(Object(Illuminate\Http\Request), Object(Closure))
#16 /Users/hosseinjabbari/Sites/Neveshtar/vendor/laravel/framework/src/Illuminate/Cookie/Middleware/EncryptCookies.php(40): Illuminate\Pipeline\Pipeline->Illuminate\Pipeline\{closure}(Object(Illuminate\Http\Request))
#17 /Users/hosseinjabbari/Sites/Neveshtar/vendor/laravel/framework/src/Illuminate/Pipeline/Pipeline.php(125): Illuminate\Cookie\Middleware\EncryptCookies->handle(Object(Illuminate\Http\Request), Object(Closure))
#18 /Users/hosseinjabbari/Sites/Neveshtar/vendor/laravel/framework/src/Illuminate/Foundation/Http/Middleware/CheckForMaintenanceMode.php(42): Illuminate\Pipeline\Pipeline->Illuminate\Pipeline\{closure}(Object(Illuminate\Http\Request))
#19 /Users/hosseinjabbari/Sites/Neveshtar/vendor/laravel/framework/src/Illuminate/Pipeline/Pipeline.php(125): Illuminate\Foundation\Http\Middleware\CheckForMaintenanceMode->handle(Object(Illuminate\Http\Request), Object(Closure))
#20 [internal function]: Illuminate\Pipeline\Pipeline->Illuminate\Pipeline\{closure}(Object(Illuminate\Http\Request))
#21 /Users/hosseinjabbari/Sites/Neveshtar/vendor/laravel/framework/src/Illuminate/Pipeline/Pipeline.php(101): call_user_func(Object(Closure), Object(Illuminate\Http\Request))
#22 /Users/hosseinjabbari/Sites/Neveshtar/vendor/laravel/framework/src/Illuminate/Foundation/Http/Kernel.php(115): Illuminate\Pipeline\Pipeline->then(Object(Closure))
#23 /Users/hosseinjabbari/Sites/Neveshtar/vendor/laravel/framework/src/Illuminate/Foundation/Http/Kernel.php(84): Illuminate\Foundation\Http\Kernel->sendRequestThroughRouter(Object(Illuminate\Http\Request))
#24 /Users/hosseinjabbari/Sites/Neveshtar/public/index.php(53): Illuminate\Foundation\Http\Kernel->handle(Object(Illuminate\Http\Request))
#25 {main}  
[2015-05-14 18:08:53] local.ERROR: exception 'PDOException' with message 'SQLSTATE[HY000] [2002] No such file or directory' in /Users/hosseinjabbari/Sites/Neveshtar/vendor/laravel/framework/src/Illuminate/Database/Connectors/Connector.php:47
Stack trace:
#0 /Users/hosseinjabbari/Sites/Neveshtar/vendor/laravel/framework/src/Illuminate/Database/Connectors/Connector.php(47): PDO->__construct('mysql:host=loca...', 'root', 'root', Array)
#1 /Users/hosseinjabbari/Sites/Neveshtar/vendor/laravel/framework/src/Illuminate/Database/Connectors/MySqlConnector.php(20): Illuminate\Database\Connectors\Connector->createConnection('mysql:host=loca...', Array, Array)
#2 /Users/hosseinjabbari/Sites/Neveshtar/vendor/laravel/framework/src/Illuminate/Database/Connectors/ConnectionFactory.php(58): Illuminate\Database\Connectors\MySqlConnector->connect(Array)
#3 /Users/hosseinjabbari/Sites/Neveshtar/vendor/laravel/framework/src/Illuminate/Database/Connectors/ConnectionFactory.php(47): Illuminate\Database\Connectors\ConnectionFactory->createSingleConnection(Array)
#4 /Users/hosseinjabbari/Sites/Neveshtar/vendor/laravel/framework/src/Illuminate/Database/DatabaseManager.php(177): Illuminate\Database\Connectors\ConnectionFactory->make(Array, 'mysql')
#5 /Users/hosseinjabbari/Sites/Neveshtar/vendor/laravel/framework/src/Illuminate/Database/DatabaseManager.php(65): Illuminate\Database\DatabaseManager->makeConnection('mysql')
#6 /Users/hosseinjabbari/Sites/Neveshtar/vendor/laravel/framework/src/Illuminate/Session/SessionManager.php(86): Illuminate\Database\DatabaseManager->connection('mysql')
#7 /Users/hosseinjabbari/Sites/Neveshtar/vendor/laravel/framework/src/Illuminate/Session/SessionManager.php(70): Illuminate\Session\SessionManager->getDatabaseConnection()
#8 /Users/hosseinjabbari/Sites/Neveshtar/vendor/laravel/framework/src/Illuminate/Support/Manager.php(89): Illuminate\Session\SessionManager->createDatabaseDriver()
#9 /Users/hosseinjabbari/Sites/Neveshtar/vendor/laravel/framework/src/Illuminate/Support/Manager.php(62): Illuminate\Support\Manager->createDriver('database')
#10 /Users/hosseinjabbari/Sites/Neveshtar/vendor/laravel/framework/src/Illuminate/Session/Middleware/StartSession.php(245): Illuminate\Support\Manager->driver()
#11 /Users/hosseinjabbari/Sites/Neveshtar/vendor/laravel/framework/src/Illuminate/Session/Middleware/StartSession.php(87): Illuminate\Session\Middleware\StartSession->usingCookieSessions()
#12 /Users/hosseinjabbari/Sites/Neveshtar/vendor/laravel/framework/src/Illuminate/Foundation/Http/Kernel.php(135): Illuminate\Session\Middleware\StartSession->terminate(Object(Illuminate\Http\Request), Object(Symfony\Component\HttpFoundation\Response))
#13 /Users/hosseinjabbari/Sites/Neveshtar/public/index.php(57): Illuminate\Foundation\Http\Kernel->terminate(Object(Illuminate\Http\Request), Object(Symfony\Component\HttpFoundation\Response))
#14 {main}  
[2015-05-14 18:08:53] local.ERROR: exception 'PDOException' with message 'SQLSTATE[HY000] [2002] No such file or directory' in /Users/hosseinjabbari/Sites/Neveshtar/vendor/laravel/framework/src/Illuminate/Database/Connectors/Connector.php:47
Stack trace:
#0 /Users/hosseinjabbari/Sites/Neveshtar/vendor/laravel/framework/src/Illuminate/Database/Connectors/Connector.php(47): PDO->__construct('mysql:host=loca...', 'root', 'root', Array)
#1 /Users/hosseinjabbari/Sites/Neveshtar/vendor/laravel/framework/src/Illuminate/Database/Connectors/MySqlConnector.php(20): Illuminate\Database\Connectors\Connector->createConnection('mysql:host=loca...', Array, Array)
#2 /Users/hosseinjabbari/Sites/Neveshtar/vendor/laravel/framework/src/Illuminate/Database/Connectors/ConnectionFactory.php(58): Illuminate\Database\Connectors\MySqlConnector->connect(Array)
#3 /Users/hosseinjabbari/Sites/Neveshtar/vendor/laravel/framework/src/Illuminate/Database/Connectors/ConnectionFactory.php(47): Illuminate\Database\Connectors\ConnectionFactory->createSingleConnection(Array)
#4 /Users/hosseinjabbari/Sites/Neveshtar/vendor/laravel/framework/src/Illuminate/Database/DatabaseManager.php(177): Illuminate\Database\Connectors\ConnectionFactory->make(Array, 'mysql')
#5 /Users/hosseinjabbari/Sites/Neveshtar/vendor/laravel/framework/src/Illuminate/Database/DatabaseManager.php(65): Illuminate\Database\DatabaseManager->makeConnection('mysql')
#6 /Users/hosseinjabbari/Sites/Neveshtar/vendor/laravel/framework/src/Illuminate/Session/SessionManager.php(86): Illuminate\Database\DatabaseManager->connection('mysql')
#7 /Users/hosseinjabbari/Sites/Neveshtar/vendor/laravel/framework/src/Illuminate/Session/SessionManager.php(70): Illuminate\Session\SessionManager->getDatabaseConnection()
#8 /Users/hosseinjabbari/Sites/Neveshtar/vendor/laravel/framework/src/Illuminate/Support/Manager.php(89): Illuminate\Session\SessionManager->createDatabaseDriver()
#9 /Users/hosseinjabbari/Sites/Neveshtar/vendor/laravel/framework/src/Illuminate/Support/Manager.php(62): Illuminate\Support\Manager->createDriver('database')
#10 /Users/hosseinjabbari/Sites/Neveshtar/vendor/laravel/framework/src/Illuminate/Session/Middleware/StartSession.php(116): Illuminate\Support\Manager->driver()
#11 /Users/hosseinjabbari/Sites/Neveshtar/vendor/laravel/framework/src/Illuminate/Session/Middleware/StartSession.php(101): Illuminate\Session\Middleware\StartSession->getSession(Object(Illuminate\Http\Request))
#12 /Users/hosseinjabbari/Sites/Neveshtar/vendor/laravel/framework/src/Illuminate/Session/Middleware/StartSession.php(56): Illuminate\Session\Middleware\StartSession->startSession(Object(Illuminate\Http\Request))
#13 /Users/hosseinjabbari/Sites/Neveshtar/vendor/laravel/framework/src/Illuminate/Pipeline/Pipeline.php(125): Illuminate\Session\Middleware\StartSession->handle(Object(Illuminate\Http\Request), Object(Closure))
#14 /Users/hosseinjabbari/Sites/Neveshtar/vendor/laravel/framework/src/Illuminate/Cookie/Middleware/AddQueuedCookiesToResponse.php(36): Illuminate\Pipeline\Pipeline->Illuminate\Pipeline\{closure}(Object(Illuminate\Http\Request))
#15 /Users/hosseinjabbari/Sites/Neveshtar/vendor/laravel/framework/src/Illuminate/Pipeline/Pipeline.php(125): Illuminate\Cookie\Middleware\AddQueuedCookiesToResponse->handle(Object(Illuminate\Http\Request), Object(Closure))
#16 /Users/hosseinjabbari/Sites/Neveshtar/vendor/laravel/framework/src/Illuminate/Cookie/Middleware/EncryptCookies.php(40): Illuminate\Pipeline\Pipeline->Illuminate\Pipeline\{closure}(Object(Illuminate\Http\Request))
#17 /Users/hosseinjabbari/Sites/Neveshtar/vendor/laravel/framework/src/Illuminate/Pipeline/Pipeline.php(125): Illuminate\Cookie\Middleware\EncryptCookies->handle(Object(Illuminate\Http\Request), Object(Closure))
#18 /Users/hosseinjabbari/Sites/Neveshtar/vendor/laravel/framework/src/Illuminate/Foundation/Http/Middleware/CheckForMaintenanceMode.php(42): Illuminate\Pipeline\Pipeline->Illuminate\Pipeline\{closure}(Object(Illuminate\Http\Request))
#19 /Users/hosseinjabbari/Sites/Neveshtar/vendor/laravel/framework/src/Illuminate/Pipeline/Pipeline.php(125): Illuminate\Foundation\Http\Middleware\CheckForMaintenanceMode->handle(Object(Illuminate\Http\Request), Object(Closure))
#20 [internal function]: Illuminate\Pipeline\Pipeline->Illuminate\Pipeline\{closure}(Object(Illuminate\Http\Request))
#21 /Users/hosseinjabbari/Sites/Neveshtar/vendor/laravel/framework/src/Illuminate/Pipeline/Pipeline.php(101): call_user_func(Object(Closure), Object(Illuminate\Http\Request))
#22 /Users/hosseinjabbari/Sites/Neveshtar/vendor/laravel/framework/src/Illuminate/Foundation/Http/Kernel.php(115): Illuminate\Pipeline\Pipeline->then(Object(Closure))
#23 /Users/hosseinjabbari/Sites/Neveshtar/vendor/laravel/framework/src/Illuminate/Foundation/Http/Kernel.php(84): Illuminate\Foundation\Http\Kernel->sendRequestThroughRouter(Object(Illuminate\Http\Request))
#24 /Users/hosseinjabbari/Sites/Neveshtar/public/index.php(53): Illuminate\Foundation\Http\Kernel->handle(Object(Illuminate\Http\Request))
#25 {main}  
[2015-05-14 18:08:53] local.ERROR: exception 'PDOException' with message 'SQLSTATE[HY000] [2002] No such file or directory' in /Users/hosseinjabbari/Sites/Neveshtar/vendor/laravel/framework/src/Illuminate/Database/Connectors/Connector.php:47
Stack trace:
#0 /Users/hosseinjabbari/Sites/Neveshtar/vendor/laravel/framework/src/Illuminate/Database/Connectors/Connector.php(47): PDO->__construct('mysql:host=loca...', 'root', 'root', Array)
#1 /Users/hosseinjabbari/Sites/Neveshtar/vendor/laravel/framework/src/Illuminate/Database/Connectors/MySqlConnector.php(20): Illuminate\Database\Connectors\Connector->createConnection('mysql:host=loca...', Array, Array)
#2 /Users/hosseinjabbari/Sites/Neveshtar/vendor/laravel/framework/src/Illuminate/Database/Connectors/ConnectionFactory.php(58): Illuminate\Database\Connectors\MySqlConnector->connect(Array)
#3 /Users/hosseinjabbari/Sites/Neveshtar/vendor/laravel/framework/src/Illuminate/Database/Connectors/ConnectionFactory.php(47): Illuminate\Database\Connectors\ConnectionFactory->createSingleConnection(Array)
#4 /Users/hosseinjabbari/Sites/Neveshtar/vendor/laravel/framework/src/Illuminate/Database/DatabaseManager.php(177): Illuminate\Database\Connectors\ConnectionFactory->make(Array, 'mysql')
#5 /Users/hosseinjabbari/Sites/Neveshtar/vendor/laravel/framework/src/Illuminate/Database/DatabaseManager.php(65): Illuminate\Database\DatabaseManager->makeConnection('mysql')
#6 /Users/hosseinjabbari/Sites/Neveshtar/vendor/laravel/framework/src/Illuminate/Session/SessionManager.php(86): Illuminate\Database\DatabaseManager->connection('mysql')
#7 /Users/hosseinjabbari/Sites/Neveshtar/vendor/laravel/framework/src/Illuminate/Session/SessionManager.php(70): Illuminate\Session\SessionManager->getDatabaseConnection()
#8 /Users/hosseinjabbari/Sites/Neveshtar/vendor/laravel/framework/src/Illuminate/Support/Manager.php(89): Illuminate\Session\SessionManager->createDatabaseDriver()
#9 /Users/hosseinjabbari/Sites/Neveshtar/vendor/laravel/framework/src/Illuminate/Support/Manager.php(62): Illuminate\Support\Manager->createDriver('database')
#10 /Users/hosseinjabbari/Sites/Neveshtar/vendor/laravel/framework/src/Illuminate/Session/Middleware/StartSession.php(245): Illuminate\Support\Manager->driver()
#11 /Users/hosseinjabbari/Sites/Neveshtar/vendor/laravel/framework/src/Illuminate/Session/Middleware/StartSession.php(87): Illuminate\Session\Middleware\StartSession->usingCookieSessions()
#12 /Users/hosseinjabbari/Sites/Neveshtar/vendor/laravel/framework/src/Illuminate/Foundation/Http/Kernel.php(135): Illuminate\Session\Middleware\StartSession->terminate(Object(Illuminate\Http\Request), Object(Symfony\Component\HttpFoundation\Response))
#13 /Users/hosseinjabbari/Sites/Neveshtar/public/index.php(57): Illuminate\Foundation\Http\Kernel->terminate(Object(Illuminate\Http\Request), Object(Symfony\Component\HttpFoundation\Response))
#14 {main}  
[2015-05-14 18:08:53] local.ERROR: exception 'PDOException' with message 'SQLSTATE[HY000] [2002] No such file or directory' in /Users/hosseinjabbari/Sites/Neveshtar/vendor/laravel/framework/src/Illuminate/Database/Connectors/Connector.php:47
Stack trace:
#0 /Users/hosseinjabbari/Sites/Neveshtar/vendor/laravel/framework/src/Illuminate/Database/Connectors/Connector.php(47): PDO->__construct('mysql:host=loca...', 'root', 'root', Array)
#1 /Users/hosseinjabbari/Sites/Neveshtar/vendor/laravel/framework/src/Illuminate/Database/Connectors/MySqlConnector.php(20): Illuminate\Database\Connectors\Connector->createConnection('mysql:host=loca...', Array, Array)
#2 /Users/hosseinjabbari/Sites/Neveshtar/vendor/laravel/framework/src/Illuminate/Database/Connectors/ConnectionFactory.php(58): Illuminate\Database\Connectors\MySqlConnector->connect(Array)
#3 /Users/hosseinjabbari/Sites/Neveshtar/vendor/laravel/framework/src/Illuminate/Database/Connectors/ConnectionFactory.php(47): Illuminate\Database\Connectors\ConnectionFactory->createSingleConnection(Array)
#4 /Users/hosseinjabbari/Sites/Neveshtar/vendor/laravel/framework/src/Illuminate/Database/DatabaseManager.php(177): Illuminate\Database\Connectors\ConnectionFactory->make(Array, 'mysql')
#5 /Users/hosseinjabbari/Sites/Neveshtar/vendor/laravel/framework/src/Illuminate/Database/DatabaseManager.php(65): Illuminate\Database\DatabaseManager->makeConnection('mysql')
#6 /Users/hosseinjabbari/Sites/Neveshtar/vendor/laravel/framework/src/Illuminate/Session/SessionManager.php(86): Illuminate\Database\DatabaseManager->connection('mysql')
#7 /Users/hosseinjabbari/Sites/Neveshtar/vendor/laravel/framework/src/Illuminate/Session/SessionManager.php(70): Illuminate\Session\SessionManager->getDatabaseConnection()
#8 /Users/hosseinjabbari/Sites/Neveshtar/vendor/laravel/framework/src/Illuminate/Support/Manager.php(89): Illuminate\Session\SessionManager->createDatabaseDriver()
#9 /Users/hosseinjabbari/Sites/Neveshtar/vendor/laravel/framework/src/Illuminate/Support/Manager.php(62): Illuminate\Support\Manager->createDriver('database')
#10 /Users/hosseinjabbari/Sites/Neveshtar/vendor/laravel/framework/src/Illuminate/Session/Middleware/StartSession.php(116): Illuminate\Support\Manager->driver()
#11 /Users/hosseinjabbari/Sites/Neveshtar/vendor/laravel/framework/src/Illuminate/Session/Middleware/StartSession.php(101): Illuminate\Session\Middleware\StartSession->getSession(Object(Illuminate\Http\Request))
#12 /Users/hosseinjabbari/Sites/Neveshtar/vendor/laravel/framework/src/Illuminate/Session/Middleware/StartSession.php(56): Illuminate\Session\Middleware\StartSession->startSession(Object(Illuminate\Http\Request))
#13 /Users/hosseinjabbari/Sites/Neveshtar/vendor/laravel/framework/src/Illuminate/Pipeline/Pipeline.php(125): Illuminate\Session\Middleware\StartSession->handle(Object(Illuminate\Http\Request), Object(Closure))
#14 /Users/hosseinjabbari/Sites/Neveshtar/vendor/laravel/framework/src/Illuminate/Cookie/Middleware/AddQueuedCookiesToResponse.php(36): Illuminate\Pipeline\Pipeline->Illuminate\Pipeline\{closure}(Object(Illuminate\Http\Request))
#15 /Users/hosseinjabbari/Sites/Neveshtar/vendor/laravel/framework/src/Illuminate/Pipeline/Pipeline.php(125): Illuminate\Cookie\Middleware\AddQueuedCookiesToResponse->handle(Object(Illuminate\Http\Request), Object(Closure))
#16 /Users/hosseinjabbari/Sites/Neveshtar/vendor/laravel/framework/src/Illuminate/Cookie/Middleware/EncryptCookies.php(40): Illuminate\Pipeline\Pipeline->Illuminate\Pipeline\{closure}(Object(Illuminate\Http\Request))
#17 /Users/hosseinjabbari/Sites/Neveshtar/vendor/laravel/framework/src/Illuminate/Pipeline/Pipeline.php(125): Illuminate\Cookie\Middleware\EncryptCookies->handle(Object(Illuminate\Http\Request), Object(Closure))
#18 /Users/hosseinjabbari/Sites/Neveshtar/vendor/laravel/framework/src/Illuminate/Foundation/Http/Middleware/CheckForMaintenanceMode.php(42): Illuminate\Pipeline\Pipeline->Illuminate\Pipeline\{closure}(Object(Illuminate\Http\Request))
#19 /Users/hosseinjabbari/Sites/Neveshtar/vendor/laravel/framework/src/Illuminate/Pipeline/Pipeline.php(125): Illuminate\Foundation\Http\Middleware\CheckForMaintenanceMode->handle(Object(Illuminate\Http\Request), Object(Closure))
#20 [internal function]: Illuminate\Pipeline\Pipeline->Illuminate\Pipeline\{closure}(Object(Illuminate\Http\Request))
#21 /Users/hosseinjabbari/Sites/Neveshtar/vendor/laravel/framework/src/Illuminate/Pipeline/Pipeline.php(101): call_user_func(Object(Closure), Object(Illuminate\Http\Request))
#22 /Users/hosseinjabbari/Sites/Neveshtar/vendor/laravel/framework/src/Illuminate/Foundation/Http/Kernel.php(115): Illuminate\Pipeline\Pipeline->then(Object(Closure))
#23 /Users/hosseinjabbari/Sites/Neveshtar/vendor/laravel/framework/src/Illuminate/Foundation/Http/Kernel.php(84): Illuminate\Foundation\Http\Kernel->sendRequestThroughRouter(Object(Illuminate\Http\Request))
#24 /Users/hosseinjabbari/Sites/Neveshtar/public/index.php(53): Illuminate\Foundation\Http\Kernel->handle(Object(Illuminate\Http\Request))
#25 {main}  
[2015-05-14 18:08:53] local.ERROR: exception 'PDOException' with message 'SQLSTATE[HY000] [2002] No such file or directory' in /Users/hosseinjabbari/Sites/Neveshtar/vendor/laravel/framework/src/Illuminate/Database/Connectors/Connector.php:47
Stack trace:
#0 /Users/hosseinjabbari/Sites/Neveshtar/vendor/laravel/framework/src/Illuminate/Database/Connectors/Connector.php(47): PDO->__construct('mysql:host=loca...', 'root', 'root', Array)
#1 /Users/hosseinjabbari/Sites/Neveshtar/vendor/laravel/framework/src/Illuminate/Database/Connectors/MySqlConnector.php(20): Illuminate\Database\Connectors\Connector->createConnection('mysql:host=loca...', Array, Array)
#2 /Users/hosseinjabbari/Sites/Neveshtar/vendor/laravel/framework/src/Illuminate/Database/Connectors/ConnectionFactory.php(58): Illuminate\Database\Connectors\MySqlConnector->connect(Array)
#3 /Users/hosseinjabbari/Sites/Neveshtar/vendor/laravel/framework/src/Illuminate/Database/Connectors/ConnectionFactory.php(47): Illuminate\Database\Connectors\ConnectionFactory->createSingleConnection(Array)
#4 /Users/hosseinjabbari/Sites/Neveshtar/vendor/laravel/framework/src/Illuminate/Database/DatabaseManager.php(177): Illuminate\Database\Connectors\ConnectionFactory->make(Array, 'mysql')
#5 /Users/hosseinjabbari/Sites/Neveshtar/vendor/laravel/framework/src/Illuminate/Database/DatabaseManager.php(65): Illuminate\Database\DatabaseManager->makeConnection('mysql')
#6 /Users/hosseinjabbari/Sites/Neveshtar/vendor/laravel/framework/src/Illuminate/Session/SessionManager.php(86): Illuminate\Database\DatabaseManager->connection('mysql')
#7 /Users/hosseinjabbari/Sites/Neveshtar/vendor/laravel/framework/src/Illuminate/Session/SessionManager.php(70): Illuminate\Session\SessionManager->getDatabaseConnection()
#8 /Users/hosseinjabbari/Sites/Neveshtar/vendor/laravel/framework/src/Illuminate/Support/Manager.php(89): Illuminate\Session\SessionManager->createDatabaseDriver()
#9 /Users/hosseinjabbari/Sites/Neveshtar/vendor/laravel/framework/src/Illuminate/Support/Manager.php(62): Illuminate\Support\Manager->createDriver('database')
#10 /Users/hosseinjabbari/Sites/Neveshtar/vendor/laravel/framework/src/Illuminate/Session/Middleware/StartSession.php(245): Illuminate\Support\Manager->driver()
#11 /Users/hosseinjabbari/Sites/Neveshtar/vendor/laravel/framework/src/Illuminate/Session/Middleware/StartSession.php(87): Illuminate\Session\Middleware\StartSession->usingCookieSessions()
#12 /Users/hosseinjabbari/Sites/Neveshtar/vendor/laravel/framework/src/Illuminate/Foundation/Http/Kernel.php(135): Illuminate\Session\Middleware\StartSession->terminate(Object(Illuminate\Http\Request), Object(Symfony\Component\HttpFoundation\Response))
#13 /Users/hosseinjabbari/Sites/Neveshtar/public/index.php(57): Illuminate\Foundation\Http\Kernel->terminate(Object(Illuminate\Http\Request), Object(Symfony\Component\HttpFoundation\Response))
#14 {main}  
